Arguments: 
  /Users/alex/.nvm/versions/node/v16.1.0/bin/node /Users/alex/.nvm/versions/node/v16.1.0/bin/yarn publish

PATH: 
  /opt/homebrew/opt/ruby/bin:/Users/alex/.nvm/versions/node/v16.1.0/bin:/Users/alex/Library/Android/sdk/platform-tools:/usr/local/opt/bzip2/bin:/opt/homebrew/bin:/opt/homebrew/sbin:/usr/local/bin:/usr/bin:/bin:/usr/sbin:/sbin:/Library/Apple/usr/bin:/Applications/Postgres.app/Contents/Versions/latest/bin

Yarn version: 
  1.22.10

Node version: 
  16.1.0

Platform: 
  darwin arm64

Trace: 
  SyntaxError: /Users/alex/projects/apporter/package.json: Unexpected token } in JSON at position 297
      at JSON.parse (<anonymous>)
      at /Users/alex/.nvm/versions/node/v16.1.0/lib/node_modules/yarn/lib/cli.js:1625:59
      at Generator.next (<anonymous>)
      at step (/Users/alex/.nvm/versions/node/v16.1.0/lib/node_modules/yarn/lib/cli.js:310:30)
      at /Users/alex/.nvm/versions/node/v16.1.0/lib/node_modules/yarn/lib/cli.js:321:13

npm manifest: 
  {
    "name": "apporter",
    "files": [
      "lib/**/*"
    ],
    "version": "1.1.0",
    "description": "",
    "main": "index.js",
    "scripts": {
      "publish": "npm publish lib",
      "prepare": "yarn build && cp ./package.json lib",
      "build": "tsc",
      "postversion": "git push && git push --tags",
    },
    "repository": {
      "type": "git",
      "url": "git+https://github.com/ajcpwnz/apporter.git"
    },
    "keywords": [],
    "author": "ajcpwnz",
    "license": "ISC",
    "dependencies": {},
    "devDependencies": {
      "typescript": "^4.3.5"
    }
  }

yarn manifest: 
  No manifest

Lockfile: 
  # THIS IS AN AUTOGENERATED FILE. DO NOT EDIT THIS FILE DIRECTLY.
  # yarn lockfile v1
  
  
  typescript@^4.3.5:
    version "4.3.5"
    resolved "https://registry.yarnpkg.com/typescript/-/typescript-4.3.5.tgz#4d1c37cc16e893973c45a06886b7113234f119f4"
    integrity sha512-DqQgihaQ9cUrskJo9kIyW/+g0Vxsk8cDtZ52a3NGh0YNTfpUSArXSohyUGnvbPazEPLu398C0UxmKSOrPumUzA==
